<?xml version="1.0" encoding="UTF-8"?>
<testng-results skipped="0" failed="0" ignored="0" total="2" passed="2">
  <reporter-output>
  </reporter-output>
  <suite name="Default suite" duration-ms="37554" started-at="2020-10-15T11:28:28Z" finished-at="2020-10-15T11:29:05Z">
    <groups>
    </groups>
    <test name="Default test" duration-ms="37554" started-at="2020-10-15T11:28:28Z" finished-at="2020-10-15T11:29:05Z">
      <class name="com.TestLeaf.QA.TestCases.FindLeadsPageTest">
        <test-method status="PASS" signature="setUp()[pri:0, instance:com.TestLeaf.QA.TestCases.FindLeadsPageTest@42dafa95]" name="setUp" is-config="true" duration-ms="10285" started-at="2020-10-15T11:28:28Z" finished-at="2020-10-15T11:28:38Z">
          <reporter-output>
          </reporter-output>
        </test-method> <!-- setUp -->
        <test-method status="PASS" signature="homepage()[pri:1, instance:com.TestLeaf.QA.TestCases.FindLeadsPageTest@42dafa95]" name="homepage" duration-ms="6032" started-at="2020-10-15T11:28:38Z" finished-at="2020-10-15T11:28:44Z">
          <reporter-output>
          </reporter-output>
        </test-method> <!-- homepage -->
        <test-method status="PASS" signature="closeBro()[pri:0, instance:com.TestLeaf.QA.TestCases.FindLeadsPageTest@42dafa95]" name="closeBro" is-config="true" duration-ms="2457" started-at="2020-10-15T11:28:44Z" finished-at="2020-10-15T11:28:46Z">
          <reporter-output>
          </reporter-output>
        </test-method> <!-- closeBro -->
        <test-method status="PASS" signature="setUp()[pri:0, instance:com.TestLeaf.QA.TestCases.FindLeadsPageTest@42dafa95]" name="setUp" is-config="true" duration-ms="8837" started-at="2020-10-15T11:28:46Z" finished-at="2020-10-15T11:28:55Z">
          <reporter-output>
          </reporter-output>
        </test-method> <!-- setUp -->
        <test-method status="PASS" signature="find_Leads()[pri:2, instance:com.TestLeaf.QA.TestCases.FindLeadsPageTest@42dafa95]" name="find_Leads" duration-ms="7501" started-at="2020-10-15T11:28:55Z" finished-at="2020-10-15T11:29:03Z">
          <reporter-output>
          </reporter-output>
        </test-method> <!-- find_Leads -->
        <test-method status="PASS" signature="closeBro()[pri:0, instance:com.TestLeaf.QA.TestCases.FindLeadsPageTest@42dafa95]" name="closeBro" is-config="true" duration-ms="2392" started-at="2020-10-15T11:29:03Z" finished-at="2020-10-15T11:29:05Z">
          <reporter-output>
          </reporter-output>
        </test-method> <!-- closeBro -->
      </class> <!-- com.TestLeaf.QA.TestCases.FindLeadsPageTest -->
    </test> <!-- Default test -->
  </suite> <!-- Default suite -->
</testng-results>
